<?xml version="1.0" encoding="UTF-8"?>
<!-- Generated by org.testng.reporters.JUnitReportReporter -->
<testsuite skipped="0" hostname="DESKTOP-2DR0QON" name="TestNg_demo.Data_provider_annation" tests="4" failures="0" timestamp="09 Dec 2019 14:01:06 GMT" time="70.333" errors="0">
  <testcase name="passdata" time="24.331" classname="TestNg_demo.Data_provider_annation"/>
  <testcase name="passdata" time="13.749" classname="TestNg_demo.Data_provider_annation"/>
  <testcase name="passdata" time="14.270" classname="TestNg_demo.Data_provider_annation"/>
  <testcase name="passdata" time="17.983" classname="TestNg_demo.Data_provider_annation"/>
</testsuite> <!-- TestNg_demo.Data_provider_annation -->
