<?xml version="1.0" encoding="UTF-8"?>
<!-- Generated by org.testng.reporters.JUnitReportReporter -->
<testsuite skipped="0" hostname="DESKTOP-2DR0QON" name="TestNg_demo.Parameter_demo" tests="1" failures="0" timestamp="09 Dec 2019 05:21:59 GMT" time="15.010" errors="0">
  <testcase name="parameter" time="15.010" classname="TestNg_demo.Parameter_demo"/>
</testsuite> <!-- TestNg_demo.Parameter_demo -->
