<?xml version="1.0" encoding="UTF-8"?>
<!-- Generated by org.testng.reporters.JUnitReportReporter -->
<testsuite skipped="0" hostname="DESKTOP-2DR0QON" name="TestNg_demo.DataDrivem_Demo" tests="1" failures="0" timestamp="09 Dec 2019 12:44:42 GMT" time="2.910" errors="0">
  <testcase name="data_driven_demo" time="2.910" classname="TestNg_demo.DataDrivem_Demo"/>
</testsuite> <!-- TestNg_demo.DataDrivem_Demo -->
